<?xml version="1.0" encoding="UTF-8"?>
<!-- Generated by org.testng.reporters.JUnitReportReporter -->
<testsuite hostname="AkshatsPC" failures="0" tests="2" name="apitesting.getRequest" time="8.394" errors="0" timestamp="2020-08-27T17:11:58 IST" skipped="0">
  <testcase classname="apitesting.getRequest" name="test_01" time="3.830"/>
  <system-out/>
  <testcase classname="apitesting.getRequest" name="test_02" time="4.564"/>
  <system-out/>
</testsuite> <!-- apitesting.getRequest -->
