<?xml version="1.0" encoding="UTF-8"?>
<!-- Generated by org.testng.reporters.JUnitReportReporter -->
<testsuite hostname="AkshatsPC" failures="0" tests="5" name="apitesting.apiTest01" time="17.956" errors="0" timestamp="2020-08-27T17:11:58 IST" skipped="0">
  <testcase classname="apitesting.apiTest01" name="testDelete" time="4.374"/>
  <system-out/>
  <testcase classname="apitesting.apiTest01" name="testPost" time="3.248"/>
  <system-out/>
  <testcase classname="apitesting.apiTest01" name="testPatch" time="1.113"/>
  <system-out/>
  <testcase classname="apitesting.apiTest01" name="testPut" time="3.928"/>
  <system-out/>
  <testcase classname="apitesting.apiTest01" name="testVerifyPatch" time="5.293"/>
  <system-out/>
</testsuite> <!-- apitesting.apiTest01 -->
