<?xml version="1.0" encoding="UTF-8"?>
<!-- Generated by org.testng.reporters.JUnitReportReporter -->
<testsuite hostname="AkshatsPC" failures="0" tests="8" name="apitesting.testEmployeeAPIs" time="3.617" errors="0" timestamp="2020-08-27T17:11:58 IST" skipped="0">
  <testcase classname="apitesting.testEmployeeAPIs" name="verifyGetRequestWithParams" time="0.155"/>
  <system-out/>
  <testcase classname="apitesting.testEmployeeAPIs" name="verifyGetRequestWithParams" time="0.271"/>
  <system-out/>
  <testcase classname="apitesting.testEmployeeAPIs" name="verifyGetRequestWithParams" time="0.234"/>
  <system-out/>
  <testcase classname="apitesting.testEmployeeAPIs" name="verifyGetRequestWithParams" time="0.122"/>
  <system-out/>
  <testcase classname="apitesting.testEmployeeAPIs" name="verifyGetRequestWithParams" time="0.262"/>
  <system-out/>
  <testcase classname="apitesting.testEmployeeAPIs" name="verifyGetRequestWithParams" time="0.143"/>
  <system-out/>
  <testcase classname="apitesting.testEmployeeAPIs" name="verifyGetRequestWithParams" time="0.156"/>
  <system-out/>
  <testcase classname="apitesting.testEmployeeAPIs" name="verifyGetRequestWithParams" time="2.274"/>
  <system-out/>
</testsuite> <!-- apitesting.testEmployeeAPIs -->
