<?xml version="1.0" encoding="UTF-8"?>
<testsuite xmlns:xsi="http://www.w3.org/2001/XMLSchema-instance" xsi:noNamespaceSchemaLocation="https://maven.apache.org/surefire/maven-failsafe-plugin/xsd/failsafe-test-report-3.0.xsd" version="3.0" name="TestSuite" time="19.514" tests="15" errors="0" skipped="0" failures="0">
  <properties>
    <property name="sun.desktop" value="windows"/>
    <property name="awt.toolkit" value="sun.awt.windows.WToolkit"/>
    <property name="java.specification.version" value="12"/>
    <property name="sun.cpu.isalist" value="amd64"/>
    <property name="sun.jnu.encoding" value="Cp1252"/>
    <property name="java.class.path" value="C:\Users\prakh_000\Documents\Akshat_work\eclipse-workspace\ApiTesting\target\test-classes;C:\Users\prakh_000\Documents\Akshat_work\eclipse-workspace\ApiTesting\target\ApiTesting-0.0.1.jar;C:\Users\prakh_000\.m2\repository\io\rest-assured\rest-assured\4.3.0\rest-assured-4.3.0.jar;C:\Users\prakh_000\.m2\repository\org\codehaus\groovy\groovy\3.0.2\groovy-3.0.2.jar;C:\Users\prakh_000\.m2\repository\org\codehaus\groovy\groovy-xml\3.0.2\groovy-xml-3.0.2.jar;C:\Users\prakh_000\.m2\repository\org\apache\httpcomponents\httpclient\4.5.3\httpclient-4.5.3.jar;C:\Users\prakh_000\.m2\repository\org\apache\httpcomponents\httpcore\4.4.6\httpcore-4.4.6.jar;C:\Users\prakh_000\.m2\repository\commons-logging\commons-logging\1.2\commons-logging-1.2.jar;C:\Users\prakh_000\.m2\repository\commons-codec\commons-codec\1.9\commons-codec-1.9.jar;C:\Users\prakh_000\.m2\repository\org\apache\httpcomponents\httpmime\4.5.3\httpmime-4.5.3.jar;C:\Users\prakh_000\.m2\repository\org\hamcrest\hamcrest\2.1\hamcrest-2.1.jar;C:\Users\prakh_000\.m2\repository\org\ccil\cowan\tagsoup\tagsoup\1.2.1\tagsoup-1.2.1.jar;C:\Users\prakh_000\.m2\repository\io\rest-assured\json-path\4.3.0\json-path-4.3.0.jar;C:\Users\prakh_000\.m2\repository\org\codehaus\groovy\groovy-json\3.0.2\groovy-json-3.0.2.jar;C:\Users\prakh_000\.m2\repository\io\rest-assured\rest-assured-common\4.3.0\rest-assured-common-4.3.0.jar;C:\Users\prakh_000\.m2\repository\io\rest-assured\xml-path\4.3.0\xml-path-4.3.0.jar;C:\Users\prakh_000\.m2\repository\org\apache\commons\commons-lang3\3.4\commons-lang3-3.4.jar;C:\Users\prakh_000\.m2\repository\jakarta\xml\bind\jakarta.xml.bind-api\2.3.2\jakarta.xml.bind-api-2.3.2.jar;C:\Users\prakh_000\.m2\repository\jakarta\activation\jakarta.activation-api\1.2.1\jakarta.activation-api-1.2.1.jar;C:\Users\prakh_000\.m2\repository\com\sun\xml\bind\jaxb-osgi\2.3.0.1\jaxb-osgi-2.3.0.1.jar;C:\Users\prakh_000\.m2\repository\org\apache\sling\org.apache.sling.javax.activation\0.1.0\org.apache.sling.javax.activation-0.1.0.jar;C:\Users\prakh_000\.m2\repository\javax\activation\activation\1.1.1\activation-1.1.1.jar;C:\Users\prakh_000\.m2\repository\org\testng\testng\7.1.0\testng-7.1.0.jar;C:\Users\prakh_000\.m2\repository\com\beust\jcommander\1.72\jcommander-1.72.jar;C:\Users\prakh_000\.m2\repository\com\google\inject\guice\4.1.0\guice-4.1.0-no_aop.jar;C:\Users\prakh_000\.m2\repository\javax\inject\javax.inject\1\javax.inject-1.jar;C:\Users\prakh_000\.m2\repository\aopalliance\aopalliance\1.0\aopalliance-1.0.jar;C:\Users\prakh_000\.m2\repository\com\google\guava\guava\19.0\guava-19.0.jar;C:\Users\prakh_000\.m2\repository\org\yaml\snakeyaml\1.21\snakeyaml-1.21.jar;C:\Users\prakh_000\.m2\repository\com\googlecode\json-simple\json-simple\1.1.1\json-simple-1.1.1.jar;C:\Users\prakh_000\.m2\repository\junit\junit\4.10\junit-4.10.jar;C:\Users\prakh_000\.m2\repository\org\hamcrest\hamcrest-core\1.1\hamcrest-core-1.1.jar;"/>
    <property name="java.vm.vendor" value="Oracle Corporation"/>
    <property name="sun.arch.data.model" value="64"/>
    <property name="user.variant" value=""/>
    <property name="java.vendor.url" value="https://java.oracle.com/"/>
    <property name="user.timezone" value="Asia/Calcutta"/>
    <property name="os.name" value="Windows 8.1"/>
    <property name="java.vm.specification.version" value="12"/>
    <property name="sun.java.launcher" value="SUN_STANDARD"/>
    <property name="user.country" value="US"/>
    <property name="sun.boot.library.path" value="C:\Program Files\Java\jdk-12.0.2\bin"/>
    <property name="sun.java.command" value="C:\Users\prakh_000\AppData\Local\Temp\surefire13244212882196018184\surefirebooter18082297369731969098.jar C:\Users\prakh_000\AppData\Local\Temp\surefire13244212882196018184 2020-08-27T17-11-38_103-jvmRun1 surefire6423791855431625401tmp surefire_011329249464105710193tmp"/>
    <property name="jdk.debug" value="release"/>
    <property name="surefire.test.class.path" value="C:\Users\prakh_000\Documents\Akshat_work\eclipse-workspace\ApiTesting\target\test-classes;C:\Users\prakh_000\Documents\Akshat_work\eclipse-workspace\ApiTesting\target\ApiTesting-0.0.1.jar;C:\Users\prakh_000\.m2\repository\io\rest-assured\rest-assured\4.3.0\rest-assured-4.3.0.jar;C:\Users\prakh_000\.m2\repository\org\codehaus\groovy\groovy\3.0.2\groovy-3.0.2.jar;C:\Users\prakh_000\.m2\repository\org\codehaus\groovy\groovy-xml\3.0.2\groovy-xml-3.0.2.jar;C:\Users\prakh_000\.m2\repository\org\apache\httpcomponents\httpclient\4.5.3\httpclient-4.5.3.jar;C:\Users\prakh_000\.m2\repository\org\apache\httpcomponents\httpcore\4.4.6\httpcore-4.4.6.jar;C:\Users\prakh_000\.m2\repository\commons-logging\commons-logging\1.2\commons-logging-1.2.jar;C:\Users\prakh_000\.m2\repository\commons-codec\commons-codec\1.9\commons-codec-1.9.jar;C:\Users\prakh_000\.m2\repository\org\apache\httpcomponents\httpmime\4.5.3\httpmime-4.5.3.jar;C:\Users\prakh_000\.m2\repository\org\hamcrest\hamcrest\2.1\hamcrest-2.1.jar;C:\Users\prakh_000\.m2\repository\org\ccil\cowan\tagsoup\tagsoup\1.2.1\tagsoup-1.2.1.jar;C:\Users\prakh_000\.m2\repository\io\rest-assured\json-path\4.3.0\json-path-4.3.0.jar;C:\Users\prakh_000\.m2\repository\org\codehaus\groovy\groovy-json\3.0.2\groovy-json-3.0.2.jar;C:\Users\prakh_000\.m2\repository\io\rest-assured\rest-assured-common\4.3.0\rest-assured-common-4.3.0.jar;C:\Users\prakh_000\.m2\repository\io\rest-assured\xml-path\4.3.0\xml-path-4.3.0.jar;C:\Users\prakh_000\.m2\repository\org\apache\commons\commons-lang3\3.4\commons-lang3-3.4.jar;C:\Users\prakh_000\.m2\repository\jakarta\xml\bind\jakarta.xml.bind-api\2.3.2\jakarta.xml.bind-api-2.3.2.jar;C:\Users\prakh_000\.m2\repository\jakarta\activation\jakarta.activation-api\1.2.1\jakarta.activation-api-1.2.1.jar;C:\Users\prakh_000\.m2\repository\com\sun\xml\bind\jaxb-osgi\2.3.0.1\jaxb-osgi-2.3.0.1.jar;C:\Users\prakh_000\.m2\repository\org\apache\sling\org.apache.sling.javax.activation\0.1.0\org.apache.sling.javax.activation-0.1.0.jar;C:\Users\prakh_000\.m2\repository\javax\activation\activation\1.1.1\activation-1.1.1.jar;C:\Users\prakh_000\.m2\repository\org\testng\testng\7.1.0\testng-7.1.0.jar;C:\Users\prakh_000\.m2\repository\com\beust\jcommander\1.72\jcommander-1.72.jar;C:\Users\prakh_000\.m2\repository\com\google\inject\guice\4.1.0\guice-4.1.0-no_aop.jar;C:\Users\prakh_000\.m2\repository\javax\inject\javax.inject\1\javax.inject-1.jar;C:\Users\prakh_000\.m2\repository\aopalliance\aopalliance\1.0\aopalliance-1.0.jar;C:\Users\prakh_000\.m2\repository\com\google\guava\guava\19.0\guava-19.0.jar;C:\Users\prakh_000\.m2\repository\org\yaml\snakeyaml\1.21\snakeyaml-1.21.jar;C:\Users\prakh_000\.m2\repository\com\googlecode\json-simple\json-simple\1.1.1\json-simple-1.1.1.jar;C:\Users\prakh_000\.m2\repository\junit\junit\4.10\junit-4.10.jar;C:\Users\prakh_000\.m2\repository\org\hamcrest\hamcrest-core\1.1\hamcrest-core-1.1.jar;"/>
    <property name="sun.cpu.endian" value="little"/>
    <property name="user.home" value="C:\Users\prakh_000"/>
    <property name="user.language" value="en"/>
    <property name="java.specification.vendor" value="Oracle Corporation"/>
    <property name="java.version.date" value="2019-07-16"/>
    <property name="java.home" value="C:\Program Files\Java\jdk-12.0.2"/>
    <property name="file.separator" value="\"/>
    <property name="basedir" value="C:\Users\prakh_000\Documents\Akshat_work\eclipse-workspace\ApiTesting"/>
    <property name="java.vm.compressedOopsMode" value="32-bit"/>
    <property name="line.separator" value="&#10;"/>
    <property name="java.vm.specification.vendor" value="Oracle Corporation"/>
    <property name="java.specification.name" value="Java Platform API Specification"/>
    <property name="java.awt.graphicsenv" value="sun.awt.Win32GraphicsEnvironment"/>
    <property name="surefire.real.class.path" value="C:\Users\prakh_000\AppData\Local\Temp\surefire13244212882196018184\surefirebooter18082297369731969098.jar"/>
    <property name="user.script" value=""/>
    <property name="sun.management.compiler" value="HotSpot 64-Bit Tiered Compilers"/>
    <property name="java.runtime.version" value="12.0.2+10"/>
    <property name="user.name" value="prakh_000"/>
    <property name="path.separator" value=";"/>
    <property name="os.version" value="6.3"/>
    <property name="java.runtime.name" value="Java(TM) SE Runtime Environment"/>
    <property name="file.encoding" value="Cp1252"/>
    <property name="java.vm.name" value="Java HotSpot(TM) 64-Bit Server VM"/>
    <property name="localRepository" value="C:\Users\prakh_000\.m2\repository"/>
    <property name="java.vendor.url.bug" value="https://bugreport.java.com/bugreport/"/>
    <property name="java.io.tmpdir" value="C:\Users\PRAKH_~1\AppData\Local\Temp\"/>
    <property name="java.version" value="12.0.2"/>
    <property name="user.dir" value="C:\Users\prakh_000\Documents\Akshat_work\eclipse-workspace\ApiTesting"/>
    <property name="os.arch" value="amd64"/>
    <property name="java.vm.specification.name" value="Java Virtual Machine Specification"/>
    <property name="sun.os.patch.level" value=""/>
    <property name="java.library.path" value="C:\Program Files\Java\jdk-12.0.2\bin;C:\WINDOWS\Sun\Java\bin;C:\WINDOWS\system32;C:\WINDOWS;C:/Program Files/Java/jdk-12.0.2/bin/server;C:/Program Files/Java/jdk-12.0.2/bin;c:\Program Files (x86)\Intel\iCLS Client\;c:\Program Files\Intel\iCLS Client\;C:\WINDOWS\system32;C:\WINDOWS;C:\WINDOWS\System32\Wbem;C:\WINDOWS\System32\WindowsPowerShell\v1.0\;C:\Program Files (x86)\Intel\OpenCL SDK\3.0\bin\x86;C:\Program Files (x86)\Intel\OpenCL SDK\3.0\bin\x64;C:\Program Files\Intel\Intel(R) Management Engine Components\DAL;C:\Program Files\Intel\Intel(R) Management Engine Components\IPT;C:\Program Files (x86)\Intel\Intel(R) Management Engine Components\DAL;C:\Program Files (x86)\Intel\Intel(R) Management Engine Components\IPT;C:\Program Files (x86)\Common Files\ThinPrint\;C:\Program Files (x86)\Windows Live\Shared;C:\Program Files\nodejs\;C:\Program Files\Git\cmd;C:\Users\prakh_000\Downloads\apache-maven-3.6.3-bin\apache-maven-3.6.3\bin;C:\Program Files\Java\jdk-12.0.2\bin;C:\Users\prakh_000\AppData\Local\Programs\Python\Python38\Scripts\;C:\Users\prakh_000\AppData\Local\Programs\Python\Python38\;C:\Users\prakh_000\AppData\Roaming\npm;C:\Program Files\Docker Toolbox;C:\Users\prakh_000\AppData\Local\Programs\Microsoft VS Code\bin;C:\Users\prakh_000\Desktop;;."/>
    <property name="java.vm.info" value="mixed mode, sharing"/>
    <property name="java.vendor" value="Oracle Corporation"/>
    <property name="java.vm.version" value="12.0.2+10"/>
    <property name="sun.io.unicode.encoding" value="UnicodeLittle"/>
    <property name="java.class.version" value="56.0"/>
  </properties>
  <testcase name="test_01" classname="apitesting.getRequest" time="6.147"/>
  <testcase name="testDelete" classname="apitesting.apiTest01" time="0"/>
  <testcase name="testPatch" classname="apitesting.apiTest01" time="0.009"/>
  <testcase name="test_02" classname="apitesting.getRequest" time="2.242"/>
  <testcase name="testPost" classname="apitesting.apiTest01" time="0.641"/>
  <testcase name="verifyGetRequestWithParams" classname="apitesting.testEmployeeAPIs" time="1.654"/>
  <testcase name="verifyGetRequestWithParams" classname="apitesting.testEmployeeAPIs" time="1.381"/>
  <testcase name="verifyGetRequestWithParams" classname="apitesting.testEmployeeAPIs" time="0.013"/>
  <testcase name="verifyGetRequestWithParams" classname="apitesting.testEmployeeAPIs" time="0.012"/>
  <testcase name="verifyGetRequestWithParams" classname="apitesting.testEmployeeAPIs" time="0.013"/>
  <testcase name="verifyGetRequestWithParams" classname="apitesting.testEmployeeAPIs" time="0.014"/>
  <testcase name="verifyGetRequestWithParams" classname="apitesting.testEmployeeAPIs" time="0.012"/>
  <testcase name="verifyGetRequestWithParams" classname="apitesting.testEmployeeAPIs" time="0.008"/>
  <testcase name="testPut" classname="apitesting.apiTest01" time="0.524"/>
  <testcase name="testVerifyPatch" classname="apitesting.apiTest01" time="5.282"/>
</testsuite>