<?xml version="1.0" encoding="UTF-8"?>
<!-- Generated by org.testng.reporters.JUnitReportReporter -->
<testsuite hostname="AkshatsPC" failures="0" tests="5" name="apitesting.apiTest01" time="7.490" errors="0" timestamp="2020-08-27T17:20:27 IST" skipped="0">
  <testcase classname="apitesting.apiTest01" name="testVerifyPatch" time="1.136"/>
  <system-out/>
  <testcase classname="apitesting.apiTest01" name="testPatch" time="0.791"/>
  <system-out/>
  <testcase classname="apitesting.apiTest01" name="testPut" time="0.801"/>
  <system-out/>
  <testcase classname="apitesting.apiTest01" name="testDelete" time="4.048"/>
  <system-out/>
  <testcase classname="apitesting.apiTest01" name="testPost" time="0.714"/>
  <system-out/>
</testsuite> <!-- apitesting.apiTest01 -->
