<?xml version="1.0" encoding="UTF-8"?>
<!-- Generated by org.testng.reporters.JUnitReportReporter -->
<testsuite hostname="AkshatsPC" failures="0" tests="2" name="apitesting.getRequest" time="10.024" errors="0" timestamp="2020-08-27T16:27:12 IST" skipped="0">
  <testcase classname="apitesting.getRequest" name="test_02" time="2.043"/>
  <system-out/>
  <testcase classname="apitesting.getRequest" name="test_01" time="7.981"/>
  <system-out/>
</testsuite> <!-- apitesting.getRequest -->
