<?xml version="1.0" encoding="UTF-8"?>
<!-- Generated by org.testng.reporters.JUnitReportReporter -->
<testsuite hostname="AkshatsPC" failures="0" tests="8" name="apitesting.testEmployeeAPIs" time="5.413" errors="0" timestamp="2020-08-27T17:20:27 IST" skipped="0">
  <testcase classname="apitesting.testEmployeeAPIs" name="verifyGetRequestWithParams" time="0.062"/>
  <system-out/>
  <testcase classname="apitesting.testEmployeeAPIs" name="verifyGetRequestWithParams" time="0.061"/>
  <system-out/>
  <testcase classname="apitesting.testEmployeeAPIs" name="verifyGetRequestWithParams" time="4.947"/>
  <system-out/>
  <testcase classname="apitesting.testEmployeeAPIs" name="verifyGetRequestWithParams" time="0.054"/>
  <system-out/>
  <testcase classname="apitesting.testEmployeeAPIs" name="verifyGetRequestWithParams" time="0.120"/>
  <system-out/>
  <testcase classname="apitesting.testEmployeeAPIs" name="verifyGetRequestWithParams" time="0.058"/>
  <system-out/>
  <testcase classname="apitesting.testEmployeeAPIs" name="verifyGetRequestWithParams" time="0.042"/>
  <system-out/>
  <testcase classname="apitesting.testEmployeeAPIs" name="verifyGetRequestWithParams" time="0.069"/>
  <system-out/>
</testsuite> <!-- apitesting.testEmployeeAPIs -->
