<?xml version="1.0" encoding="UTF-8"?>
<!-- Generated by org.testng.reporters.JUnitReportReporter -->
<testsuite hostname="AkshatsPC" failures="0" tests="2" name="getRequest" time="6.125" errors="0" timestamp="2020-08-20T17:01:21 IST" skipped="0">
  <testcase classname="getRequest" name="test_01" time="3.206"/>
  <system-out/>
  <testcase classname="getRequest" name="test_02" time="2.919"/>
  <system-out/>
</testsuite> <!-- getRequest -->
