<?xml version="1.0" encoding="UTF-8"?>
<!-- Generated by org.testng.reporters.JUnitReportReporter -->
<testsuite hostname="AkshatsPC" failures="0" tests="8" name="testEmployeeAPIs" time="7.170" errors="0" timestamp="2020-08-23T01:51:48 IST" skipped="0">
  <testcase classname="testEmployeeAPIs" name="verifyGetRequestWithParams" time="0.056"/>
  <system-out/>
  <testcase classname="testEmployeeAPIs" name="verifyGetRequestWithParams" time="0.067"/>
  <system-out/>
  <testcase classname="testEmployeeAPIs" name="verifyGetRequestWithParams" time="0.049"/>
  <system-out/>
  <testcase classname="testEmployeeAPIs" name="verifyGetRequestWithParams" time="0.054"/>
  <system-out/>
  <testcase classname="testEmployeeAPIs" name="verifyGetRequestWithParams" time="6.813"/>
  <system-out/>
  <testcase classname="testEmployeeAPIs" name="verifyGetRequestWithParams" time="0.041"/>
  <system-out/>
  <testcase classname="testEmployeeAPIs" name="verifyGetRequestWithParams" time="0.045"/>
  <system-out/>
  <testcase classname="testEmployeeAPIs" name="verifyGetRequestWithParams" time="0.045"/>
  <system-out/>
</testsuite> <!-- testEmployeeAPIs -->
