<?xml version="1.0" encoding="UTF-8"?>
<!-- Generated by org.testng.reporters.JUnitReportReporter -->
<testsuite hostname="AkshatsPC" failures="0" tests="5" name="apitesting.apiTest01" time="10.944" errors="0" timestamp="2020-08-27T16:27:12 IST" skipped="0">
  <testcase classname="apitesting.apiTest01" name="testPost" time="0.784"/>
  <system-out/>
  <testcase classname="apitesting.apiTest01" name="testDelete" time="8.151"/>
  <system-out/>
  <testcase classname="apitesting.apiTest01" name="testPatch" time="0.735"/>
  <system-out/>
  <testcase classname="apitesting.apiTest01" name="testVerifyPatch" time="0.540"/>
  <system-out/>
  <testcase classname="apitesting.apiTest01" name="testPut" time="0.734"/>
  <system-out/>
</testsuite> <!-- apitesting.apiTest01 -->
