<?xml version="1.0" encoding="UTF-8"?>
<!-- Generated by org.testng.reporters.JUnitReportReporter -->
<testsuite hostname="AkshatsPC" failures="0" tests="2" name="apitesting.getRequest" time="4.752" errors="0" timestamp="2020-08-27T17:20:27 IST" skipped="0">
  <testcase classname="apitesting.getRequest" name="test_01" time="3.853"/>
  <system-out/>
  <testcase classname="apitesting.getRequest" name="test_02" time="0.899"/>
  <system-out/>
</testsuite> <!-- apitesting.getRequest -->
